c:\users\уля\documents\visual studio 2015\projects\числа\числа\debug\vc140.pdb
c:\users\уля\documents\visual studio 2015\projects\числа\числа\debug\statistic.obj
c:\users\уля\documents\visual studio 2015\projects\числа\числа\debug\main.obj
c:\users\уля\documents\visual studio 2015\projects\числа\числа\debug\.netframework,version=v4.5.2.assemblyattributes.obj
c:\users\уля\documents\visual studio 2015\projects\числа\числа\debug\.netframework,version=v4.5.2.assemblyattributes.asm
c:\users\уля\documents\visual studio 2015\projects\числа\debug\числа.pdb
c:\users\уля\documents\visual studio 2015\projects\числа\числа\debug\числа.tlog\cl.command.1.tlog
c:\users\уля\documents\visual studio 2015\projects\числа\числа\debug\числа.tlog\cl.read.1.tlog
c:\users\уля\documents\visual studio 2015\projects\числа\числа\debug\числа.tlog\cl.write.1.tlog
c:\users\уля\documents\visual studio 2015\projects\числа\числа\debug\числа.tlog\link.10300.13344-cvtres.read.1.tlog
c:\users\уля\documents\visual studio 2015\projects\числа\числа\debug\числа.tlog\link.10300.13344-cvtres.write.1.tlog
c:\users\уля\documents\visual studio 2015\projects\числа\числа\debug\числа.tlog\link.10300.13344-rc.read.1.tlog
c:\users\уля\documents\visual studio 2015\projects\числа\числа\debug\числа.tlog\link.10300.13344-rc.write.1.tlog
c:\users\уля\documents\visual studio 2015\projects\числа\числа\debug\числа.tlog\link.10300.13344.read.1.tlog
c:\users\уля\documents\visual studio 2015\projects\числа\числа\debug\числа.tlog\link.10300.13344.write.1.tlog
c:\users\уля\documents\visual studio 2015\projects\числа\числа\debug\числа.tlog\link.10300.read.1.tlog
c:\users\уля\documents\visual studio 2015\projects\числа\числа\debug\числа.tlog\link.10300.write.1.tlog
c:\users\уля\documents\visual studio 2015\projects\числа\числа\debug\числа.tlog\link.11248.15812-cvtres.read.1.tlog
c:\users\уля\documents\visual studio 2015\projects\числа\числа\debug\числа.tlog\link.11248.15812-cvtres.write.1.tlog
c:\users\уля\documents\visual studio 2015\projects\числа\числа\debug\числа.tlog\link.11248.15812-rc.read.1.tlog
c:\users\уля\documents\visual studio 2015\projects\числа\числа\debug\числа.tlog\link.11248.15812-rc.write.1.tlog
c:\users\уля\documents\visual studio 2015\projects\числа\числа\debug\числа.tlog\link.11248.15812.read.1.tlog
c:\users\уля\documents\visual studio 2015\projects\числа\числа\debug\числа.tlog\link.11248.15812.write.1.tlog
c:\users\уля\documents\visual studio 2015\projects\числа\числа\debug\числа.tlog\link.11248.read.1.tlog
c:\users\уля\documents\visual studio 2015\projects\числа\числа\debug\числа.tlog\link.11248.write.1.tlog
c:\users\уля\documents\visual studio 2015\projects\числа\числа\debug\числа.tlog\link.12824.7396-cvtres.read.1.tlog
c:\users\уля\documents\visual studio 2015\projects\числа\числа\debug\числа.tlog\link.12824.7396-cvtres.write.1.tlog
c:\users\уля\documents\visual studio 2015\projects\числа\числа\debug\числа.tlog\link.12824.7396-rc.read.1.tlog
c:\users\уля\documents\visual studio 2015\projects\числа\числа\debug\числа.tlog\link.12824.7396-rc.write.1.tlog
c:\users\уля\documents\visual studio 2015\projects\числа\числа\debug\числа.tlog\link.12824.7396.read.1.tlog
c:\users\уля\documents\visual studio 2015\projects\числа\числа\debug\числа.tlog\link.12824.7396.write.1.tlog
c:\users\уля\documents\visual studio 2015\projects\числа\числа\debug\числа.tlog\link.12824.read.1.tlog
c:\users\уля\documents\visual studio 2015\projects\числа\числа\debug\числа.tlog\link.12824.write.1.tlog
c:\users\уля\documents\visual studio 2015\projects\числа\числа\debug\числа.tlog\link.12988.16008-cvtres.read.1.tlog
c:\users\уля\documents\visual studio 2015\projects\числа\числа\debug\числа.tlog\link.12988.16008-cvtres.write.1.tlog
c:\users\уля\documents\visual studio 2015\projects\числа\числа\debug\числа.tlog\link.12988.16008-rc.read.1.tlog
c:\users\уля\documents\visual studio 2015\projects\числа\числа\debug\числа.tlog\link.12988.16008-rc.write.1.tlog
c:\users\уля\documents\visual studio 2015\projects\числа\числа\debug\числа.tlog\link.12988.16008.read.1.tlog
c:\users\уля\documents\visual studio 2015\projects\числа\числа\debug\числа.tlog\link.12988.16008.write.1.tlog
c:\users\уля\documents\visual studio 2015\projects\числа\числа\debug\числа.tlog\link.12988.read.1.tlog
c:\users\уля\documents\visual studio 2015\projects\числа\числа\debug\числа.tlog\link.12988.write.1.tlog
c:\users\уля\documents\visual studio 2015\projects\числа\числа\debug\числа.tlog\link.13900.16420-cvtres.read.1.tlog
c:\users\уля\documents\visual studio 2015\projects\числа\числа\debug\числа.tlog\link.13900.16420-cvtres.write.1.tlog
c:\users\уля\documents\visual studio 2015\projects\числа\числа\debug\числа.tlog\link.13900.16420-rc.read.1.tlog
c:\users\уля\documents\visual studio 2015\projects\числа\числа\debug\числа.tlog\link.13900.16420-rc.write.1.tlog
c:\users\уля\documents\visual studio 2015\projects\числа\числа\debug\числа.tlog\link.13900.16420.read.1.tlog
c:\users\уля\documents\visual studio 2015\projects\числа\числа\debug\числа.tlog\link.13900.16420.write.1.tlog
c:\users\уля\documents\visual studio 2015\projects\числа\числа\debug\числа.tlog\link.13900.read.1.tlog
c:\users\уля\documents\visual studio 2015\projects\числа\числа\debug\числа.tlog\link.13900.write.1.tlog
c:\users\уля\documents\visual studio 2015\projects\числа\числа\debug\числа.tlog\link.6800.16960-cvtres.read.1.tlog
c:\users\уля\documents\visual studio 2015\projects\числа\числа\debug\числа.tlog\link.6800.16960-cvtres.write.1.tlog
c:\users\уля\documents\visual studio 2015\projects\числа\числа\debug\числа.tlog\link.6800.16960-rc.read.1.tlog
c:\users\уля\documents\visual studio 2015\projects\числа\числа\debug\числа.tlog\link.6800.16960-rc.write.1.tlog
c:\users\уля\documents\visual studio 2015\projects\числа\числа\debug\числа.tlog\link.6800.16960.read.1.tlog
c:\users\уля\documents\visual studio 2015\projects\числа\числа\debug\числа.tlog\link.6800.16960.write.1.tlog
c:\users\уля\documents\visual studio 2015\projects\числа\числа\debug\числа.tlog\link.6800.read.1.tlog
c:\users\уля\documents\visual studio 2015\projects\числа\числа\debug\числа.tlog\link.6800.write.1.tlog
c:\users\уля\documents\visual studio 2015\projects\числа\числа\debug\числа.tlog\link.6984.8636-cvtres.read.1.tlog
c:\users\уля\documents\visual studio 2015\projects\числа\числа\debug\числа.tlog\link.6984.8636-cvtres.write.1.tlog
c:\users\уля\documents\visual studio 2015\projects\числа\числа\debug\числа.tlog\link.6984.8636-rc.read.1.tlog
c:\users\уля\documents\visual studio 2015\projects\числа\числа\debug\числа.tlog\link.6984.8636-rc.write.1.tlog
c:\users\уля\documents\visual studio 2015\projects\числа\числа\debug\числа.tlog\link.6984.8636.read.1.tlog
c:\users\уля\documents\visual studio 2015\projects\числа\числа\debug\числа.tlog\link.6984.8636.write.1.tlog
c:\users\уля\documents\visual studio 2015\projects\числа\числа\debug\числа.tlog\link.6984.read.1.tlog
c:\users\уля\documents\visual studio 2015\projects\числа\числа\debug\числа.tlog\link.6984.write.1.tlog
c:\users\уля\documents\visual studio 2015\projects\числа\числа\debug\числа.tlog\link.command.1.tlog
c:\users\уля\documents\visual studio 2015\projects\числа\числа\debug\числа.tlog\link.read.1.tlog
c:\users\уля\documents\visual studio 2015\projects\числа\числа\debug\числа.tlog\link.write.1.tlog
c:\users\уля\documents\visual studio 2015\projects\числа\числа\debug\числа.tlog\metagen.read.1.tlog
c:\users\уля\documents\visual studio 2015\projects\числа\числа\debug\числа.tlog\metagen.write.1.tlog
c:\users\уля\documents\visual studio 2015\projects\числа\числа\debug\числа.tlog\tzres.dll.bi
